{"level":"INFO","timestamp":"2018-07-10 14:31:34.525","file":"main/main.go:32","msg":"11111111111111111"}
{"level":"INFO","timestamp":"2018-07-10 14:31:34.625","file":"main/main.go:32","msg":"11111111111111111"}
{"level":"INFO","timestamp":"2018-07-10 14:31:34.729","file":"main/main.go:32","msg":"11111111111111111"}
{"level":"INFO","timestamp":"2018-07-10 14:31:34.834","file":"main/main.go:32","msg":"11111111111111111"}
{"level":"INFO","timestamp":"2018-07-10 14:31:34.937","file":"main/main.go:32","msg":"11111111111111111"}
{"level":"INFO","timestamp":"2018-07-10 14:31:35.041","file":"main/main.go:32","msg":"11111111111111111"}
{"level":"INFO","timestamp":"2018-07-10 14:31:35.143","file":"main/main.go:32","msg":"11111111111111111"}
{"level":"INFO","timestamp":"2018-07-10 14:31:35.248","file":"main/main.go:32","msg":"11111111111111111"}
{"level":"INFO","timestamp":"2018-07-10 14:31:35.352","file":"main/main.go:32","msg":"11111111111111111"}
{"level":"INFO","timestamp":"2018-07-10 14:31:35.456","file":"main/main.go:32","msg":"11111111111111111"}
{"level":"INFO","timestamp":"2018-07-10 14:31:35.559","file":"main/main.go:32","msg":"11111111111111111"}
{"level":"INFO","timestamp":"2018-07-10 14:31:35.661","file":"main/main.go:32","msg":"11111111111111111"}
{"level":"INFO","timestamp":"2018-07-10 14:31:35.763","file":"main/main.go:32","msg":"11111111111111111"}
{"level":"INFO","timestamp":"2018-07-10 14:31:35.867","file":"main/main.go:32","msg":"11111111111111111"}
{"level":"INFO","timestamp":"2018-07-10 14:31:35.972","file":"main/main.go:32","msg":"11111111111111111"}
{"level":"INFO","timestamp":"2018-07-10 14:31:36.075","file":"main/main.go:32","msg":"11111111111111111"}
{"level":"INFO","timestamp":"2018-07-10 14:31:36.180","file":"main/main.go:32","msg":"11111111111111111"}
{"level":"INFO","timestamp":"2018-07-10 14:31:36.281","file":"main/main.go:32","msg":"11111111111111111"}
{"level":"INFO","timestamp":"2018-07-10 14:31:36.384","file":"main/main.go:32","msg":"11111111111111111"}
{"level":"INFO","timestamp":"2018-07-10 14:31:36.485","file":"main/main.go:32","msg":"11111111111111111"}
{"level":"INFO","timestamp":"2018-07-10 14:31:36.590","file":"main/main.go:32","msg":"11111111111111111"}
{"level":"INFO","timestamp":"2018-07-10 14:31:36.694","file":"main/main.go:32","msg":"11111111111111111"}
{"level":"INFO","timestamp":"2018-07-10 14:31:36.798","file":"main/main.go:32","msg":"11111111111111111"}
{"level":"INFO","timestamp":"2018-07-10 14:31:36.900","file":"main/main.go:32","msg":"11111111111111111"}
{"level":"INFO","timestamp":"2018-07-10 14:31:37.002","file":"main/main.go:32","msg":"11111111111111111"}
{"level":"INFO","timestamp":"2018-07-10 14:31:37.104","file":"main/main.go:32","msg":"11111111111111111"}
{"level":"INFO","timestamp":"2018-07-10 14:31:37.206","file":"main/main.go:32","msg":"11111111111111111"}
{"level":"INFO","timestamp":"2018-07-10 14:31:37.309","file":"main/main.go:32","msg":"11111111111111111"}
{"level":"INFO","timestamp":"2018-07-10 14:31:37.410","file":"main/main.go:32","msg":"11111111111111111"}
{"level":"INFO","timestamp":"2018-07-10 14:31:37.513","file":"main/main.go:32","msg":"11111111111111111"}
{"level":"INFO","timestamp":"2018-07-10 14:31:37.616","file":"main/main.go:32","msg":"11111111111111111"}
{"level":"INFO","timestamp":"2018-07-10 14:31:37.720","file":"main/main.go:32","msg":"11111111111111111"}
{"level":"INFO","timestamp":"2018-07-10 14:31:37.823","file":"main/main.go:32","msg":"11111111111111111"}
{"level":"INFO","timestamp":"2018-07-10 14:31:37.926","file":"main/main.go:32","msg":"11111111111111111"}
{"level":"INFO","timestamp":"2018-07-10 14:31:38.029","file":"main/main.go:32","msg":"11111111111111111"}
{"level":"INFO","timestamp":"2018-07-10 14:31:38.133","file":"main/main.go:32","msg":"11111111111111111"}
{"level":"INFO","timestamp":"2018-07-10 14:31:38.236","file":"main/main.go:32","msg":"11111111111111111"}
{"level":"INFO","timestamp":"2018-07-10 14:31:38.338","file":"main/main.go:32","msg":"11111111111111111"}
{"level":"INFO","timestamp":"2018-07-10 14:31:38.444","file":"main/main.go:32","msg":"11111111111111111"}
{"level":"INFO","timestamp":"2018-07-10 14:31:38.549","file":"main/main.go:32","msg":"11111111111111111"}
{"level":"INFO","timestamp":"2018-07-10 14:31:38.650","file":"main/main.go:32","msg":"11111111111111111"}
{"level":"INFO","timestamp":"2018-07-10 14:31:38.754","file":"main/main.go:32","msg":"11111111111111111"}
{"level":"INFO","timestamp":"2018-07-10 14:31:38.860","file":"main/main.go:32","msg":"11111111111111111"}
{"level":"INFO","timestamp":"2018-07-10 14:31:38.965","file":"main/main.go:32","msg":"11111111111111111"}
{"level":"INFO","timestamp":"2018-07-10 14:31:39.068","file":"main/main.go:32","msg":"11111111111111111"}
{"level":"INFO","timestamp":"2018-07-10 14:31:39.168","file":"main/main.go:32","msg":"11111111111111111"}
{"level":"INFO","timestamp":"2018-07-10 14:31:39.273","file":"main/main.go:32","msg":"11111111111111111"}
{"level":"INFO","timestamp":"2018-07-10 14:31:39.376","file":"main/main.go:32","msg":"11111111111111111"}
{"level":"INFO","timestamp":"2018-07-10 14:31:39.477","file":"main/main.go:32","msg":"11111111111111111"}
{"level":"INFO","timestamp":"2018-07-10 14:31:39.580","file":"main/main.go:32","msg":"11111111111111111"}
{"level":"INFO","timestamp":"2018-07-10 14:31:39.682","file":"main/main.go:32","msg":"11111111111111111"}
{"level":"INFO","timestamp":"2018-07-10 14:31:39.785","file":"main/main.go:32","msg":"11111111111111111"}
{"level":"INFO","timestamp":"2018-07-10 14:31:39.885","file":"main/main.go:32","msg":"11111111111111111"}
{"level":"INFO","timestamp":"2018-07-10 14:31:39.988","file":"main/main.go:32","msg":"11111111111111111"}
{"level":"INFO","timestamp":"2018-07-10 14:31:40.093","file":"main/main.go:32","msg":"11111111111111111"}
{"level":"INFO","timestamp":"2018-07-10 14:31:40.195","file":"main/main.go:32","msg":"11111111111111111"}
{"level":"INFO","timestamp":"2018-07-10 14:31:40.300","file":"main/main.go:32","msg":"11111111111111111"}
{"level":"INFO","timestamp":"2018-07-10 14:31:40.410","file":"main/main.go:32","msg":"11111111111111111"}
{"level":"INFO","timestamp":"2018-07-10 14:31:40.514","file":"main/main.go:32","msg":"11111111111111111"}
{"level":"INFO","timestamp":"2018-07-10 14:31:40.618","file":"main/main.go:32","msg":"11111111111111111"}
{"level":"INFO","timestamp":"2018-07-10 14:31:40.719","file":"main/main.go:32","msg":"11111111111111111"}
{"level":"INFO","timestamp":"2018-07-10 14:31:40.822","file":"main/main.go:32","msg":"11111111111111111"}
{"level":"INFO","timestamp":"2018-07-10 14:31:40.926","file":"main/main.go:32","msg":"11111111111111111"}
{"level":"INFO","timestamp":"2018-07-10 14:31:41.030","file":"main/main.go:32","msg":"11111111111111111"}
{"level":"INFO","timestamp":"2018-07-10 14:31:41.135","file":"main/main.go:32","msg":"11111111111111111"}
{"level":"INFO","timestamp":"2018-07-10 14:31:41.238","file":"main/main.go:32","msg":"11111111111111111"}
{"level":"INFO","timestamp":"2018-07-10 14:31:41.341","file":"main/main.go:32","msg":"11111111111111111"}
{"level":"INFO","timestamp":"2018-07-10 14:31:41.445","file":"main/main.go:32","msg":"11111111111111111"}
{"level":"INFO","timestamp":"2018-07-10 14:31:41.549","file":"main/main.go:32","msg":"11111111111111111"}
{"level":"INFO","timestamp":"2018-07-10 14:31:41.652","file":"main/main.go:32","msg":"11111111111111111"}
{"level":"INFO","timestamp":"2018-07-10 14:31:41.754","file":"main/main.go:32","msg":"11111111111111111"}
{"level":"INFO","timestamp":"2018-07-10 14:31:41.856","file":"main/main.go:32","msg":"11111111111111111"}
{"level":"INFO","timestamp":"2018-07-10 14:31:41.959","file":"main/main.go:32","msg":"11111111111111111"}
{"level":"INFO","timestamp":"2018-07-10 14:31:42.064","file":"main/main.go:32","msg":"11111111111111111"}
{"level":"INFO","timestamp":"2018-07-10 14:31:42.167","file":"main/main.go:32","msg":"11111111111111111"}
{"level":"INFO","timestamp":"2018-07-10 14:31:42.271","file":"main/main.go:32","msg":"11111111111111111"}
{"level":"INFO","timestamp":"2018-07-10 14:31:42.376","file":"main/main.go:32","msg":"11111111111111111"}
{"level":"INFO","timestamp":"2018-07-10 14:31:42.478","file":"main/main.go:32","msg":"11111111111111111"}
{"level":"INFO","timestamp":"2018-07-10 14:31:42.579","file":"main/main.go:32","msg":"11111111111111111"}
{"level":"INFO","timestamp":"2018-07-10 14:31:42.682","file":"main/main.go:32","msg":"11111111111111111"}
{"level":"INFO","timestamp":"2018-07-10 14:31:42.786","file":"main/main.go:32","msg":"11111111111111111"}
{"level":"INFO","timestamp":"2018-07-10 14:31:42.886","file":"main/main.go:32","msg":"11111111111111111"}
{"level":"INFO","timestamp":"2018-07-10 14:31:42.990","file":"main/main.go:32","msg":"11111111111111111"}
{"level":"INFO","timestamp":"2018-07-10 14:31:43.093","file":"main/main.go:32","msg":"11111111111111111"}
{"level":"INFO","timestamp":"2018-07-10 14:31:43.195","file":"main/main.go:32","msg":"11111111111111111"}
{"level":"INFO","timestamp":"2018-07-10 14:31:43.299","file":"main/main.go:32","msg":"11111111111111111"}
{"level":"INFO","timestamp":"2018-07-10 14:31:43.400","file":"main/main.go:32","msg":"11111111111111111"}
{"level":"INFO","timestamp":"2018-07-10 14:31:43.504","file":"main/main.go:32","msg":"11111111111111111"}
{"level":"INFO","timestamp":"2018-07-10 14:31:43.607","file":"main/main.go:32","msg":"11111111111111111"}
{"level":"INFO","timestamp":"2018-07-10 14:31:43.712","file":"main/main.go:32","msg":"11111111111111111"}
{"level":"INFO","timestamp":"2018-07-10 14:31:43.816","file":"main/main.go:32","msg":"11111111111111111"}
{"level":"INFO","timestamp":"2018-07-10 14:31:43.921","file":"main/main.go:32","msg":"11111111111111111"}
{"level":"INFO","timestamp":"2018-07-10 14:31:44.025","file":"main/main.go:32","msg":"11111111111111111"}
{"level":"INFO","timestamp":"2018-07-10 14:31:44.128","file":"main/main.go:32","msg":"11111111111111111"}
{"level":"INFO","timestamp":"2018-07-10 14:31:44.233","file":"main/main.go:32","msg":"11111111111111111"}
{"level":"INFO","timestamp":"2018-07-10 14:31:44.335","file":"main/main.go:32","msg":"11111111111111111"}
{"level":"INFO","timestamp":"2018-07-10 14:31:44.436","file":"main/main.go:32","msg":"11111111111111111"}
{"level":"INFO","timestamp":"2018-07-10 14:31:44.540","file":"main/main.go:32","msg":"11111111111111111"}
{"level":"INFO","timestamp":"2018-07-10 14:31:44.644","file":"main/main.go:32","msg":"11111111111111111"}
{"level":"INFO","timestamp":"2018-07-10 14:31:44.746","file":"main/main.go:32","msg":"11111111111111111"}
{"level":"INFO","timestamp":"2018-07-10 14:31:44.848","file":"main/main.go:32","msg":"11111111111111111"}
{"level":"INFO","timestamp":"2018-07-10 14:31:44.953","file":"main/main.go:32","msg":"11111111111111111"}
{"level":"INFO","timestamp":"2018-07-10 14:31:45.057","file":"main/main.go:32","msg":"11111111111111111"}
{"level":"INFO","timestamp":"2018-07-10 14:31:45.162","file":"main/main.go:32","msg":"11111111111111111"}
{"level":"INFO","timestamp":"2018-07-10 14:31:45.264","file":"main/main.go:32","msg":"11111111111111111"}
{"level":"INFO","timestamp":"2018-07-10 14:31:45.366","file":"main/main.go:32","msg":"11111111111111111"}
{"level":"INFO","timestamp":"2018-07-10 14:31:45.470","file":"main/main.go:32","msg":"11111111111111111"}
{"level":"INFO","timestamp":"2018-07-10 14:31:45.572","file":"main/main.go:32","msg":"11111111111111111"}
{"level":"INFO","timestamp":"2018-07-10 14:31:45.675","file":"main/main.go:32","msg":"11111111111111111"}
{"level":"INFO","timestamp":"2018-07-10 14:31:45.780","file":"main/main.go:32","msg":"11111111111111111"}
{"level":"INFO","timestamp":"2018-07-10 14:31:45.883","file":"main/main.go:32","msg":"11111111111111111"}
{"level":"INFO","timestamp":"2018-07-10 14:31:45.987","file":"main/main.go:32","msg":"11111111111111111"}
{"level":"INFO","timestamp":"2018-07-10 14:31:46.088","file":"main/main.go:32","msg":"11111111111111111"}
{"level":"INFO","timestamp":"2018-07-10 14:31:46.192","file":"main/main.go:32","msg":"11111111111111111"}
{"level":"INFO","timestamp":"2018-07-10 14:31:46.294","file":"main/main.go:32","msg":"11111111111111111"}
{"level":"INFO","timestamp":"2018-07-10 14:31:46.397","file":"main/main.go:32","msg":"11111111111111111"}
{"level":"INFO","timestamp":"2018-07-10 14:31:46.498","file":"main/main.go:32","msg":"11111111111111111"}
{"level":"INFO","timestamp":"2018-07-10 14:31:46.603","file":"main/main.go:32","msg":"11111111111111111"}
{"level":"INFO","timestamp":"2018-07-10 14:31:46.705","file":"main/main.go:32","msg":"11111111111111111"}
{"level":"INFO","timestamp":"2018-07-10 14:31:46.807","file":"main/main.go:32","msg":"11111111111111111"}
{"level":"INFO","timestamp":"2018-07-10 14:31:46.912","file":"main/main.go:32","msg":"11111111111111111"}
{"level":"INFO","timestamp":"2018-07-10 14:31:47.014","file":"main/main.go:32","msg":"11111111111111111"}
{"level":"INFO","timestamp":"2018-07-10 14:31:47.117","file":"main/main.go:32","msg":"11111111111111111"}
{"level":"INFO","timestamp":"2018-07-10 14:31:47.221","file":"main/main.go:32","msg":"11111111111111111"}
{"level":"INFO","timestamp":"2018-07-10 14:31:47.324","file":"main/main.go:32","msg":"11111111111111111"}
{"level":"INFO","timestamp":"2018-07-10 14:31:47.430","file":"main/main.go:32","msg":"11111111111111111"}
{"level":"INFO","timestamp":"2018-07-10 14:31:47.534","file":"main/main.go:32","msg":"11111111111111111"}
{"level":"INFO","timestamp":"2018-07-10 14:31:47.636","file":"main/main.go:32","msg":"11111111111111111"}
{"level":"INFO","timestamp":"2018-07-10 14:31:47.741","file":"main/main.go:32","msg":"11111111111111111"}
{"level":"INFO","timestamp":"2018-07-10 14:31:47.843","file":"main/main.go:32","msg":"11111111111111111"}
{"level":"INFO","timestamp":"2018-07-10 14:31:47.944","file":"main/main.go:32","msg":"11111111111111111"}
{"level":"INFO","timestamp":"2018-07-10 14:31:48.049","file":"main/main.go:32","msg":"11111111111111111"}
{"level":"INFO","timestamp":"2018-07-10 14:31:48.151","file":"main/main.go:32","msg":"11111111111111111"}
{"level":"INFO","timestamp":"2018-07-10 14:31:48.255","file":"main/main.go:32","msg":"11111111111111111"}
{"level":"INFO","timestamp":"2018-07-10 14:31:48.359","file":"main/main.go:32","msg":"11111111111111111"}
{"level":"INFO","timestamp":"2018-07-10 14:31:48.462","file":"main/main.go:32","msg":"11111111111111111"}
{"level":"INFO","timestamp":"2018-07-10 14:31:48.566","file":"main/main.go:32","msg":"11111111111111111"}
{"level":"INFO","timestamp":"2018-07-10 14:31:48.668","file":"main/main.go:32","msg":"11111111111111111"}
{"level":"INFO","timestamp":"2018-07-10 14:31:48.773","file":"main/main.go:32","msg":"11111111111111111"}
{"level":"INFO","timestamp":"2018-07-10 14:31:48.877","file":"main/main.go:32","msg":"11111111111111111"}
{"level":"INFO","timestamp":"2018-07-10 14:31:48.978","file":"main/main.go:32","msg":"11111111111111111"}
{"level":"INFO","timestamp":"2018-07-10 14:31:49.080","file":"main/main.go:32","msg":"11111111111111111"}
{"level":"INFO","timestamp":"2018-07-10 14:31:49.184","file":"main/main.go:32","msg":"11111111111111111"}
{"level":"INFO","timestamp":"2018-07-10 14:31:49.287","file":"main/main.go:32","msg":"11111111111111111"}
{"level":"INFO","timestamp":"2018-07-10 14:31:49.391","file":"main/main.go:32","msg":"11111111111111111"}
{"level":"INFO","timestamp":"2018-07-10 14:31:49.494","file":"main/main.go:32","msg":"11111111111111111"}
{"level":"INFO","timestamp":"2018-07-10 14:31:49.597","file":"main/main.go:32","msg":"11111111111111111"}
{"level":"INFO","timestamp":"2018-07-10 14:31:49.702","file":"main/main.go:32","msg":"11111111111111111"}
{"level":"INFO","timestamp":"2018-07-10 14:31:49.806","file":"main/main.go:32","msg":"11111111111111111"}
{"level":"INFO","timestamp":"2018-07-10 14:31:49.911","file":"main/main.go:32","msg":"11111111111111111"}
{"level":"INFO","timestamp":"2018-07-10 14:31:50.015","file":"main/main.go:32","msg":"11111111111111111"}
{"level":"INFO","timestamp":"2018-07-10 14:31:50.120","file":"main/main.go:32","msg":"11111111111111111"}
{"level":"INFO","timestamp":"2018-07-10 14:31:50.222","file":"main/main.go:32","msg":"11111111111111111"}
{"level":"INFO","timestamp":"2018-07-10 14:31:50.326","file":"main/main.go:32","msg":"11111111111111111"}
{"level":"INFO","timestamp":"2018-07-10 14:31:50.431","file":"main/main.go:32","msg":"11111111111111111"}
{"level":"INFO","timestamp":"2018-07-10 14:31:50.535","file":"main/main.go:32","msg":"11111111111111111"}
{"level":"INFO","timestamp":"2018-07-10 14:31:50.637","file":"main/main.go:32","msg":"11111111111111111"}
{"level":"INFO","timestamp":"2018-07-10 14:31:50.741","file":"main/main.go:32","msg":"11111111111111111"}
{"level":"INFO","timestamp":"2018-07-10 14:31:50.842","file":"main/main.go:32","msg":"11111111111111111"}
{"level":"INFO","timestamp":"2018-07-10 14:31:50.946","file":"main/main.go:32","msg":"11111111111111111"}
{"level":"INFO","timestamp":"2018-07-10 14:31:51.050","file":"main/main.go:32","msg":"11111111111111111"}
{"level":"INFO","timestamp":"2018-07-10 14:31:51.153","file":"main/main.go:32","msg":"11111111111111111"}
{"level":"INFO","timestamp":"2018-07-10 14:31:51.254","file":"main/main.go:32","msg":"11111111111111111"}
{"level":"INFO","timestamp":"2018-07-10 14:31:51.356","file":"main/main.go:32","msg":"11111111111111111"}
{"level":"INFO","timestamp":"2018-07-10 14:31:51.461","file":"main/main.go:32","msg":"11111111111111111"}
{"level":"INFO","timestamp":"2018-07-10 14:31:51.566","file":"main/main.go:32","msg":"11111111111111111"}
{"level":"INFO","timestamp":"2018-07-10 14:31:51.670","file":"main/main.go:32","msg":"11111111111111111"}
{"level":"INFO","timestamp":"2018-07-10 14:31:51.772","file":"main/main.go:32","msg":"11111111111111111"}
{"level":"INFO","timestamp":"2018-07-10 14:31:51.877","file":"main/main.go:32","msg":"11111111111111111"}
{"level":"INFO","timestamp":"2018-07-10 14:31:51.979","file":"main/main.go:32","msg":"11111111111111111"}
{"level":"INFO","timestamp":"2018-07-10 14:31:52.083","file":"main/main.go:32","msg":"11111111111111111"}
{"level":"INFO","timestamp":"2018-07-10 14:31:52.186","file":"main/main.go:32","msg":"11111111111111111"}
{"level":"INFO","timestamp":"2018-07-10 14:31:52.290","file":"main/main.go:32","msg":"11111111111111111"}
{"level":"INFO","timestamp":"2018-07-10 14:31:52.394","file":"main/main.go:32","msg":"11111111111111111"}
{"level":"INFO","timestamp":"2018-07-10 14:31:52.495","file":"main/main.go:32","msg":"11111111111111111"}
{"level":"INFO","timestamp":"2018-07-10 14:31:52.599","file":"main/main.go:32","msg":"11111111111111111"}
{"level":"INFO","timestamp":"2018-07-10 14:31:52.703","file":"main/main.go:32","msg":"11111111111111111"}
{"level":"INFO","timestamp":"2018-07-10 14:31:52.805","file":"main/main.go:32","msg":"11111111111111111"}
{"level":"INFO","timestamp":"2018-07-10 14:31:52.908","file":"main/main.go:32","msg":"11111111111111111"}
{"level":"INFO","timestamp":"2018-07-10 14:31:53.013","file":"main/main.go:32","msg":"11111111111111111"}
{"level":"INFO","timestamp":"2018-07-10 14:31:53.117","file":"main/main.go:32","msg":"11111111111111111"}
{"level":"INFO","timestamp":"2018-07-10 14:31:53.218","file":"main/main.go:32","msg":"11111111111111111"}
{"level":"INFO","timestamp":"2018-07-10 14:31:53.320","file":"main/main.go:32","msg":"11111111111111111"}
{"level":"INFO","timestamp":"2018-07-10 14:31:53.424","file":"main/main.go:32","msg":"11111111111111111"}
{"level":"INFO","timestamp":"2018-07-10 14:31:53.524","file":"main/main.go:32","msg":"11111111111111111"}
{"level":"INFO","timestamp":"2018-07-10 14:31:53.624","file":"main/main.go:32","msg":"11111111111111111"}
{"level":"INFO","timestamp":"2018-07-10 14:31:53.729","file":"main/main.go:32","msg":"11111111111111111"}
{"level":"INFO","timestamp":"2018-07-10 14:31:53.831","file":"main/main.go:32","msg":"11111111111111111"}
{"level":"INFO","timestamp":"2018-07-10 14:31:53.932","file":"main/main.go:32","msg":"11111111111111111"}
{"level":"INFO","timestamp":"2018-07-10 14:31:54.035","file":"main/main.go:32","msg":"11111111111111111"}
{"level":"INFO","timestamp":"2018-07-10 14:31:54.140","file":"main/main.go:32","msg":"11111111111111111"}
{"level":"INFO","timestamp":"2018-07-10 14:31:54.244","file":"main/main.go:32","msg":"11111111111111111"}
{"level":"INFO","timestamp":"2018-07-10 14:31:54.346","file":"main/main.go:32","msg":"11111111111111111"}
{"level":"INFO","timestamp":"2018-07-10 14:31:54.449","file":"main/main.go:32","msg":"11111111111111111"}
{"level":"INFO","timestamp":"2018-07-10 14:31:54.554","file":"main/main.go:32","msg":"11111111111111111"}
{"level":"INFO","timestamp":"2018-07-10 14:31:54.656","file":"main/main.go:32","msg":"11111111111111111"}
{"level":"INFO","timestamp":"2018-07-10 14:31:54.761","file":"main/main.go:32","msg":"11111111111111111"}
{"level":"INFO","timestamp":"2018-07-10 14:31:54.865","file":"main/main.go:32","msg":"11111111111111111"}
{"level":"INFO","timestamp":"2018-07-10 14:31:54.966","file":"main/main.go:32","msg":"11111111111111111"}
{"level":"INFO","timestamp":"2018-07-10 14:31:55.070","file":"main/main.go:32","msg":"11111111111111111"}
{"level":"INFO","timestamp":"2018-07-10 14:31:55.173","file":"main/main.go:32","msg":"11111111111111111"}
{"level":"INFO","timestamp":"2018-07-10 14:31:55.274","file":"main/main.go:32","msg":"11111111111111111"}
{"level":"INFO","timestamp":"2018-07-10 14:31:55.378","file":"main/main.go:32","msg":"11111111111111111"}
{"level":"INFO","timestamp":"2018-07-10 14:31:55.483","file":"main/main.go:32","msg":"11111111111111111"}
{"level":"INFO","timestamp":"2018-07-10 14:31:55.583","file":"main/main.go:32","msg":"11111111111111111"}
{"level":"INFO","timestamp":"2018-07-10 14:31:55.688","file":"main/main.go:32","msg":"11111111111111111"}
{"level":"INFO","timestamp":"2018-07-10 14:31:55.791","file":"main/main.go:32","msg":"11111111111111111"}
{"level":"INFO","timestamp":"2018-07-10 14:31:55.894","file":"main/main.go:32","msg":"11111111111111111"}
{"level":"INFO","timestamp":"2018-07-10 14:31:55.999","file":"main/main.go:32","msg":"11111111111111111"}
{"level":"INFO","timestamp":"2018-07-10 14:31:56.101","file":"main/main.go:32","msg":"11111111111111111"}
{"level":"INFO","timestamp":"2018-07-10 14:31:56.204","file":"main/main.go:32","msg":"11111111111111111"}
{"level":"INFO","timestamp":"2018-07-10 14:31:56.307","file":"main/main.go:32","msg":"11111111111111111"}
{"level":"INFO","timestamp":"2018-07-10 14:31:56.410","file":"main/main.go:32","msg":"11111111111111111"}
{"level":"INFO","timestamp":"2018-07-10 14:31:56.515","file":"main/main.go:32","msg":"11111111111111111"}
{"level":"INFO","timestamp":"2018-07-10 14:31:56.619","file":"main/main.go:32","msg":"11111111111111111"}
{"level":"INFO","timestamp":"2018-07-10 14:31:56.722","file":"main/main.go:32","msg":"11111111111111111"}
{"level":"INFO","timestamp":"2018-07-10 14:31:56.827","file":"main/main.go:32","msg":"11111111111111111"}
{"level":"INFO","timestamp":"2018-07-10 14:31:56.930","file":"main/main.go:32","msg":"11111111111111111"}
{"level":"INFO","timestamp":"2018-07-10 14:31:57.034","file":"main/main.go:32","msg":"11111111111111111"}
{"level":"INFO","timestamp":"2018-07-10 14:31:57.137","file":"main/main.go:32","msg":"11111111111111111"}
{"level":"INFO","timestamp":"2018-07-10 14:31:57.238","file":"main/main.go:32","msg":"11111111111111111"}
{"level":"INFO","timestamp":"2018-07-10 14:31:57.343","file":"main/main.go:32","msg":"11111111111111111"}
{"level":"INFO","timestamp":"2018-07-10 14:31:57.447","file":"main/main.go:32","msg":"11111111111111111"}
{"level":"INFO","timestamp":"2018-07-10 14:31:57.550","file":"main/main.go:32","msg":"11111111111111111"}
{"level":"INFO","timestamp":"2018-07-10 14:31:57.651","file":"main/main.go:32","msg":"11111111111111111"}
{"level":"INFO","timestamp":"2018-07-10 14:31:57.754","file":"main/main.go:32","msg":"11111111111111111"}
{"level":"INFO","timestamp":"2018-07-10 14:31:57.857","file":"main/main.go:32","msg":"11111111111111111"}
{"level":"INFO","timestamp":"2018-07-10 14:31:57.960","file":"main/main.go:32","msg":"11111111111111111"}
{"level":"INFO","timestamp":"2018-07-10 14:31:58.064","file":"main/main.go:32","msg":"11111111111111111"}
{"level":"INFO","timestamp":"2018-07-10 14:31:58.164","file":"main/main.go:32","msg":"11111111111111111"}
{"level":"INFO","timestamp":"2018-07-10 14:31:58.268","file":"main/main.go:32","msg":"11111111111111111"}
{"level":"INFO","timestamp":"2018-07-10 14:31:58.369","file":"main/main.go:32","msg":"11111111111111111"}
{"level":"INFO","timestamp":"2018-07-10 14:31:58.473","file":"main/main.go:32","msg":"11111111111111111"}
{"level":"INFO","timestamp":"2018-07-10 14:31:58.578","file":"main/main.go:32","msg":"11111111111111111"}
{"level":"INFO","timestamp":"2018-07-10 17:34:36.306","file":"main/main.go:53","msg":"Start to listening the incoming requests on http address: :6663"}
{"level":"INFO","timestamp":"2018-07-10 17:34:36.307","file":"main/main.go:66","msg":"Waiting for thw router, retry in 1 second."}
{"level":"INFO","timestamp":"2018-07-10 17:34:37.312","file":"main/main.go:50","msg":"The router has been deployed successfully."}
{"level":"INFO","timestamp":"2018-07-10 21:43:44.880","file":"main/main.go:53","msg":"Start to listening the incoming requests on http address: :6663"}
{"level":"INFO","timestamp":"2018-07-10 21:43:44.881","file":"main/main.go:66","msg":"Waiting for thw router, retry in 1 second."}
{"level":"INFO","timestamp":"2018-07-10 21:43:45.886","file":"main/main.go:50","msg":"The router has been deployed successfully."}
{"level":"DEBUG","timestamp":"2018-07-10 21:44:27.201","file":"user/create.go:24","msg":"username is: [admin], password is []"}
{"level":"DEBUG","timestamp":"2018-07-10 21:48:10.451","file":"user/create.go:24","msg":"username is: [admin], password is []"}
{"level":"INFO","timestamp":"2018-07-10 21:48:37.707","file":"main/main.go:53","msg":"Start to listening the incoming requests on http address: :6663"}
{"level":"INFO","timestamp":"2018-07-10 21:48:37.708","file":"main/main.go:66","msg":"Waiting for thw router, retry in 1 second."}
{"level":"INFO","timestamp":"2018-07-10 21:48:38.713","file":"main/main.go:50","msg":"The router has been deployed successfully."}
{"level":"DEBUG","timestamp":"2018-07-10 21:49:35.493","file":"user/create.go:24","msg":"username is: [admin], password is []"}
{"level":"INFO","timestamp":"2018-07-10 21:52:32.241","file":"main/main.go:53","msg":"Start to listening the incoming requests on http address: :6663"}
{"level":"INFO","timestamp":"2018-07-10 21:52:32.242","file":"main/main.go:50","msg":"The router has been deployed successfully."}
{"level":"DEBUG","timestamp":"2018-07-10 21:52:37.888","file":"user/create.go:24","msg":"username is: [admin], password is []"}
{"level":"DEBUG","timestamp":"2018-07-10 21:53:19.704","file":"user/create.go:24","msg":"username is: [], password is [admin]"}
{"level":"ERROR","timestamp":"2018-07-10 21:53:19.704","file":"user/create.go:27","msg":"Get an error","data":{"error":"Err - code: 20102, message: The user was not found. This is add messages., error: username can not found in db: xx:xx:xx:xx"}}
{"level":"DEBUG","timestamp":"2018-07-10 21:53:19.704","file":"user/create.go:31","msg":"err type is ErrUserNotFound"}
{"level":"INFO","timestamp":"2018-07-11 11:22:25.906","file":"main/main.go:53","msg":"Start to listening the incoming requests on http address: :6663"}
{"level":"INFO","timestamp":"2018-07-11 11:22:25.906","file":"main/main.go:66","msg":"Waiting for thw router, retry in 1 second."}
{"level":"INFO","timestamp":"2018-07-11 11:22:26.912","file":"main/main.go:50","msg":"The router has been deployed successfully."}
{"level":"INFO","timestamp":"2018-07-11 11:23:21.009","file":"user/create.go:22","msg":"URL username: admin2"}
{"level":"INFO","timestamp":"2018-07-11 11:23:21.009","file":"user/create.go:25","msg":"URL key param desc: test"}
{"level":"INFO","timestamp":"2018-07-11 11:23:21.009","file":"user/create.go:28","msg":"Header Content-Type: application/json"}
{"level":"DEBUG","timestamp":"2018-07-11 11:23:21.009","file":"user/create.go:30","msg":"username is: [admin], password is [admin]"}
{"level":"INFO","timestamp":"2018-07-12 13:15:33.300","file":"main/main.go:53","msg":"Start to listening the incoming requests on http address: :6663"}
{"level":"INFO","timestamp":"2018-07-12 13:15:33.301","file":"main/main.go:66","msg":"Waiting for thw router, retry in 1 second."}
{"level":"INFO","timestamp":"2018-07-12 13:15:34.307","file":"main/main.go:50","msg":"The router has been deployed successfully."}
{"level":"INFO","timestamp":"2018-07-12 13:56:26.255","file":"user/create.go:16","msg":"User Create function called.","data":{"X-Request-Id":""}}
{"level":"INFO","timestamp":"2018-07-12 13:56:52.340","file":"user/create.go:16","msg":"User Create function called.","data":{"X-Request-Id":""}}
{"level":"INFO","timestamp":"2018-07-18 14:05:01.642","file":"main/main.go:53","msg":"Start to listening the incoming requests on http address: :6663"}
{"level":"INFO","timestamp":"2018-07-18 14:05:01.643","file":"main/main.go:66","msg":"Waiting for thw router, retry in 1 second."}
{"level":"INFO","timestamp":"2018-07-18 14:05:02.648","file":"main/main.go:50","msg":"The router has been deployed successfully."}
{"level":"INFO","timestamp":"2018-07-18 14:05:57.575","file":"user/create.go:16","msg":"User Create function called.","data":{"X-Request-Id":""}}
{"level":"INFO","timestamp":"2018-07-18 14:10:35.857","file":"user/create.go:16","msg":"User Create function called.","data":{"X-Request-Id":""}}
{"level":"INFO","timestamp":"2018-07-18 14:14:02.427","file":"main/main.go:53","msg":"Start to listening the incoming requests on http address: :6663"}
{"level":"INFO","timestamp":"2018-07-18 14:14:02.427","file":"main/main.go:66","msg":"Waiting for thw router, retry in 1 second."}
{"level":"INFO","timestamp":"2018-07-18 14:14:03.432","file":"main/main.go:50","msg":"The router has been deployed successfully."}
{"level":"INFO","timestamp":"2018-07-18 14:14:12.434","file":"user/create.go:16","msg":"User Create function called.","data":{"X-Request-Id":""}}
{"level":"INFO","timestamp":"2018-07-18 14:15:43.238","file":"main/main.go:53","msg":"Start to listening the incoming requests on http address: :6663"}
{"level":"INFO","timestamp":"2018-07-18 14:15:43.238","file":"main/main.go:66","msg":"Waiting for thw router, retry in 1 second."}
{"level":"INFO","timestamp":"2018-07-18 14:15:44.242","file":"main/main.go:50","msg":"The router has been deployed successfully."}
{"level":"INFO","timestamp":"2018-07-18 14:15:50.510","file":"user/create.go:16","msg":"User Create function called.","data":{"X-Request-Id":""}}
{"level":"INFO","timestamp":"2018-07-18 14:16:54.210","file":"main/main.go:53","msg":"Start to listening the incoming requests on http address: :6663"}
{"level":"INFO","timestamp":"2018-07-18 14:16:54.211","file":"main/main.go:50","msg":"The router has been deployed successfully."}
{"level":"INFO","timestamp":"2018-07-18 14:17:06.436","file":"user/create.go:16","msg":"User Create function called.","data":{"X-Request-Id":""}}
{"level":"INFO","timestamp":"2018-07-18 14:17:52.082","file":"main/main.go:53","msg":"Start to listening the incoming requests on http address: :8080"}
{"level":"INFO","timestamp":"2018-07-18 14:17:52.084","file":"main/main.go:50","msg":"The router has been deployed successfully."}
{"level":"INFO","timestamp":"2018-07-18 14:24:37.927","file":"main/main.go:66","msg":"Waiting for thw router, retry in 1 second."}
{"level":"INFO","timestamp":"2018-07-18 14:24:37.926","file":"main/main.go:53","msg":"Start to listening the incoming requests on http address: :8080"}
{"level":"INFO","timestamp":"2018-07-18 14:24:38.931","file":"main/main.go:50","msg":"The router has been deployed successfully."}
{"level":"INFO","timestamp":"2018-07-18 14:25:34.143","file":"user/update.go:15","msg":"Update function called.","data":{"X-Request-Id":""}}
{"level":"INFO","timestamp":"2018-07-18 14:26:31.286","file":"main/main.go:53","msg":"Start to listening the incoming requests on http address: :8080"}
{"level":"INFO","timestamp":"2018-07-18 14:26:31.288","file":"main/main.go:50","msg":"The router has been deployed successfully."}
{"level":"INFO","timestamp":"2018-07-18 14:26:39.431","file":"user/update.go:15","msg":"Update function called.","data":{"X-Request-Id":""}}
{"level":"INFO","timestamp":"2018-07-18 14:40:59.054","file":"main/main.go:53","msg":"Start to listening the incoming requests on http address: :8080"}
{"level":"INFO","timestamp":"2018-07-18 14:40:59.057","file":"main/main.go:50","msg":"The router has been deployed successfully."}
{"level":"INFO","timestamp":"2018-07-18 14:41:21.158","file":"user/update.go:15","msg":"Update function called.","data":{"X-Request-Id":""}}
{"level":"INFO","timestamp":"2018-07-18 14:43:02.728","file":"user/create.go:16","msg":"User Create function called.","data":{"X-Request-Id":""}}
{"level":"INFO","timestamp":"2018-07-18 14:43:31.056","file":"user/create.go:16","msg":"User Create function called.","data":{"X-Request-Id":""}}
{"level":"INFO","timestamp":"2018-07-18 14:45:21.496","file":"user/update.go:15","msg":"Update function called.","data":{"X-Request-Id":""}}
{"level":"INFO","timestamp":"2018-07-18 14:50:12.766","file":"main/main.go:53","msg":"Start to listening the incoming requests on http address: :8080"}
{"level":"INFO","timestamp":"2018-07-18 14:50:12.767","file":"main/main.go:66","msg":"Waiting for thw router, retry in 1 second."}
{"level":"INFO","timestamp":"2018-07-18 14:50:13.768","file":"main/main.go:50","msg":"The router has been deployed successfully."}
{"level":"INFO","timestamp":"2018-07-18 14:50:41.838","file":"user/update.go:15","msg":"Update function called.","data":{"X-Request-Id":""}}
{"level":"INFO","timestamp":"2018-07-18 15:32:47.073","file":"main/main.go:55","msg":"Start to listening the incoming requests on http address: :8080"}
{"level":"INFO","timestamp":"2018-07-18 15:32:47.176","file":"main/main.go:52","msg":"The router has been deployed successfully."}
{"level":"INFO","timestamp":"2018-07-18 16:16:23.498","file":"main/main.go:55","msg":"Start to listening the incoming requests on http address: :8080"}
{"level":"INFO","timestamp":"2018-07-18 16:16:23.499","file":"main/main.go:68","msg":"Waiting for thw router, retry in 1 second."}
{"level":"INFO","timestamp":"2018-07-18 16:16:24.504","file":"main/main.go:52","msg":"The router has been deployed successfully."}
{"level":"INFO","timestamp":"2018-07-18 16:17:09.804","file":"main/main.go:56","msg":"Start to listening the incoming requests on http address: :8080"}
{"level":"INFO","timestamp":"2018-07-18 16:17:09.807","file":"main/main.go:53","msg":"The router has been deployed successfully."}
{"level":"INFO","timestamp":"2018-07-18 16:19:03.917","file":"middleware/logging.go:78","msg":"32.241675ms   | 127.0.0.1    | GET /v1/user | {code: 0, message: OK}"}
{"level":"INFO","timestamp":"2018-07-18 16:19:57.515","file":"middleware/logging.go:78","msg":"29.03218ms    | 127.0.0.1    | GET /v1/user | {code: 0, message: OK}"}
